0 info it worked if it ends with ok
1 verbose cli [ '/home/ubuntu/.nvm/versions/node/v6.11.2/bin/node',
1 verbose cli   '/home/ubuntu/.nvm/versions/node/v6.11.2/bin/npm',
1 verbose cli   'build',
1 verbose cli   'watch' ]
2 info using npm@3.10.10
3 info using node@v6.11.2
4 info build /home/ubuntu/workspace/wp-content/themes/celestial/watch
5 verbose stack Error: ENOENT: no such file or directory, open '/home/ubuntu/workspace/wp-content/themes/celestial/watch/package.json'
5 verbose stack     at Error (native)
6 verbose cwd /home/ubuntu/workspace/wp-content/themes/celestial
7 error Linux 4.9.80-c9
8 error argv "/home/ubuntu/.nvm/versions/node/v6.11.2/bin/node" "/home/ubuntu/.nvm/versions/node/v6.11.2/bin/npm" "build" "watch"
9 error node v6.11.2
10 error npm  v3.10.10
11 error path /home/ubuntu/workspace/wp-content/themes/celestial/watch/package.json
12 error code ENOENT
13 error errno -2
14 error syscall open
15 error enoent ENOENT: no such file or directory, open '/home/ubuntu/workspace/wp-content/themes/celestial/watch/package.json'
16 error enoent ENOENT: no such file or directory, open '/home/ubuntu/workspace/wp-content/themes/celestial/watch/package.json'
16 error enoent This is most likely not a problem with npm itself
16 error enoent and is related to npm not being able to find a file.
17 verbose exit [ -2, true ]
